d:\works\cacu\cacu\release\cacu.lib
d:\works\cacu\cacu\release\cacu.exp
d:\works\cacu\cacu\release\cacu.ipdb
d:\works\cacu\cacu\release\cacu.iobj
d:\works\cacu\cacu\release\vc120.pdb
d:\works\cacu\cacu\release\recastfilter.obj
d:\works\cacu\cacu\release\recastcontour.obj
d:\works\cacu\cacu\release\recastarea.obj
d:\works\cacu\cacu\release\recastalloc.obj
d:\works\cacu\cacu\release\recast.obj
d:\works\cacu\cacu\release\detourtilecachebuilder.obj
d:\works\cacu\cacu\release\detourtilecache.obj
d:\works\cacu\cacu\release\detourproximitygrid.obj
d:\works\cacu\cacu\release\detourpathqueue.obj
d:\works\cacu\cacu\release\detourpathcorridor.obj
d:\works\cacu\cacu\release\detourobstacleavoidance.obj
d:\works\cacu\cacu\release\detournode.obj
d:\works\cacu\cacu\release\detournavmeshquery.obj
d:\works\cacu\cacu\release\detournavmeshbuilder.obj
d:\works\cacu\cacu\release\detournavmesh.obj
d:\works\cacu\cacu\release\detourlocalboundary.obj
d:\works\cacu\cacu\release\detourcrowd.obj
d:\works\cacu\cacu\release\detourcommon.obj
d:\works\cacu\cacu\release\detouralloc.obj
d:\works\cacu\cacu\release\meshloaderobj.obj
d:\works\cacu\cacu\release\h3navmesh.obj
d:\works\cacu\cacu\release\h3material.obj
d:\works\cacu\cacu\release\h3drawprimitives.obj
d:\works\cacu\cacu\release\h3delegate.obj
d:\works\cacu\cacu\release\h3aabb.obj
d:\works\cacu\cacu\release\h3sprite3d.obj
d:\works\cacu\cacu\release\h3sprite2d.obj
d:\works\cacu\cacu\release\h3billboard.obj
d:\works\cacu\cacu\release\h3action.obj
d:\works\cacu\cacu\release\h3planerender.obj
d:\works\cacu\cacu\release\h3meshrender.obj
d:\works\cacu\cacu\release\h3light.obj
d:\works\cacu\cacu\release\h3facialrender.obj
d:\works\cacu\cacu\release\h3component.obj
d:\works\cacu\cacu\release\h3camera.obj
d:\works\cacu\cacu\release\recastregion.obj
d:\works\cacu\cacu\release\recastrasterization.obj
d:\works\cacu\cacu\release\recastmeshdetail.obj
d:\works\cacu\cacu\release\recastmesh.obj
d:\works\cacu\cacu\release\recastlayers.obj
d:\works\cacu\cacu\release\h3shaderspotlight.obj
d:\works\cacu\cacu\release\h3shadershadow.obj
d:\works\cacu\cacu\release\h3shaderprimitive.obj
d:\works\cacu\cacu\release\h3shaderpointlight.obj
d:\works\cacu\cacu\release\h3shaderparticle.obj
d:\works\cacu\cacu\release\h3shaderdirectionallight.obj
d:\works\cacu\cacu\release\h3shadercache.obj
d:\works\cacu\cacu\release\h3shaderambientlight.obj
d:\works\cacu\cacu\release\h3shader.obj
d:\works\cacu\cacu\release\h3modelmtlparser.obj
d:\works\cacu\cacu\release\h3modelgroup.obj
d:\works\cacu\cacu\release\h3model.obj
d:\works\cacu\cacu\release\h3meshgroup.obj
d:\works\cacu\cacu\release\h3mesh.obj
d:\works\cacu\cacu\release\h3texture.obj
d:\works\cacu\cacu\release\h3scene.obj
d:\works\cacu\cacu\release\h3render.obj
d:\works\cacu\cacu\release\h3release.obj
d:\works\cacu\cacu\release\h3ray.obj
d:\works\cacu\cacu\release\h3object.obj
d:\works\cacu\cacu\release\h3eular.obj
d:\works\cacu\cacu\release\schal.obj
d:\works\cacu\cacu\release\sccl.obj
d:\works\cacu\cacu\release\h3memory.obj
d:\works\cacu\cacu\release\h3log.obj
d:\works\cacu\cacu\release\h3font.obj
d:\works\cacu\cacu\release\hpworld.obj
d:\works\cacu\cacu\release\hpvector.obj
d:\works\cacu\cacu\release\hputil.obj
d:\works\cacu\cacu\release\hpthread.obj
d:\works\cacu\cacu\release\hptexturecache.obj
d:\works\cacu\cacu\release\hptexture2d.obj
d:\works\cacu\cacu\release\hpparticlesystem.obj
d:\works\cacu\cacu\release\hpobject.obj
d:\works\cacu\cacu\release\hpmath.obj
d:\works\cacu\cacu\release\hpgeometry.obj
d:\works\cacu\cacu\release\hpemitterrender.obj
d:\works\cacu\cacu\release\hpemitterlogic.obj
d:\works\cacu\cacu\release\hpemitter.obj
d:\works\cacu\cacu\release\hpcacu.obj
d:\works\cacu\cacu\release\imwwindowmanageropengl.obj
d:\works\cacu\cacu\release\imwwindowmanager.obj
d:\works\cacu\cacu\release\imwwindow.obj
d:\works\cacu\cacu\release\imwstatusbar.obj
d:\works\cacu\cacu\release\imwplatformwindowopengl.obj
d:\works\cacu\cacu\release\imwplatformwindow.obj
d:\works\cacu\cacu\release\imwmenu.obj
d:\works\cacu\cacu\release\imwcontainer.obj
d:\works\cacu\cacu\release\imgui_impl_glfw_gl3.obj
d:\works\cacu\cacu\release\imgui_draw.obj
d:\works\cacu\cacu\release\imgui_demo.obj
d:\works\cacu\cacu\release\imgui.obj
d:\works\cacu\cacu\release\h3raster.obj
d:\works\cacu\cacu\release\h3image.obj
d:\works\cacu\cacu\release\h3util.obj
d:\works\cacu\cacu\release\h3vector.obj
d:\works\cacu\cacu\release\h3transform.obj
d:\works\cacu\cacu\release\h3quaternion.obj
d:\works\cacu\cacu\release\h3matrix.obj
d:\works\cacu\cacu\release\h3math.obj
d:\works\cacu\cacu\release\textureautomapping.obj
d:\works\cacu\cacu\release\studiowindow.obj
d:\works\cacu\cacu\release\shapeplane.obj
d:\works\cacu\cacu\release\shadowdemo.obj
d:\works\cacu\cacu\release\mousepicker.obj
d:\works\cacu\cacu\release\imrenderwindow.obj
d:\works\cacu\cacu\release\imhierarchywindow.obj
d:\works\cacu\cacu\release\imdetailwindow.obj
d:\works\cacu\cacu\release\facialdemo.obj
d:\works\cacu\cacu\release\editor.obj
d:\works\cacu\cacu\release\cacuparticleeditor.obj
d:\works\cacu\cacu\release\cacumainscene.obj
d:\works\cacu\cacu\release\cacuemittereditor.obj
d:\works\cacu\cacu\release\cacueditorwindow.obj
d:\works\cacu\cacu\release\cacu.obj
d:\works\cacu\cacu\release\billboardtest.obj
d:\works\cacu\cacu\release\vc141.pdb
d:\works\cacu\cacu\release\gl3w.obj
d:\works\cacu\cacu\release\fastlz.obj
d:\works\cacu\cacu\release\cacu.exe
d:\works\cacu\cacu\release\cacu.pdb
d:\works\cacu\cacu\release\cacu.tlog\cacu.write.1u.tlog
d:\works\cacu\cacu\release\cacu.tlog\cl.command.1.tlog
d:\works\cacu\cacu\release\cacu.tlog\cl.read.1.tlog
d:\works\cacu\cacu\release\cacu.tlog\cl.write.1.tlog
d:\works\cacu\cacu\release\cacu.tlog\link.command.1.tlog
d:\works\cacu\cacu\release\cacu.tlog\link.read.1.tlog
d:\works\cacu\cacu\release\cacu.tlog\link.write.1.tlog
